# JRE version: OpenJDK Runtime Environment (11.0.12+7) (build 11.0.12+7-b1504.28-7817840)
# Java VM: OpenJDK 64-Bit Server VM (11.0.12+7-b1504.28-7817840, mixed mode, tiered, compressed oops, g1 gc, windows-amd64)
Heap:
 garbage-first heap   total 462848K, used 211749K [0x0000000080000000, 0x0000000100000000)
  region size 1024K, 24 young (24576K), 2 survivors (2048K)
 Metaspace       used 156446K, capacity 160895K, committed 161100K, reserved 1189888K
  class space    used 19408K, capacity 21029K, committed 21068K, reserved 1048576K
GC Heap History (20 events):
Event: 2099.167 GC heap before
{Heap before GC invocations=92 (full 0):
 garbage-first heap   total 462848K, used 327566K [0x0000000080000000, 0x0000000100000000)
  region size 1024K, 75 young (76800K), 2 survivors (2048K)
 Metaspace       used 142967K, capacity 146794K, committed 147148K, reserved 1177600K
  class space    used 17671K, capacity 19047K, committed 19148K, reserved 1048576K
}
Event: 2099.175 GC heap after
{Heap after GC invocations=93 (full 0):
 garbage-first heap   total 462848K, used 258586K [0x0000000080000000, 0x0000000100000000)
  region size 1024K, 6 young (6144K), 6 survivors (6144K)
 Metaspace       used 142967K, capacity 146794K, committed 147148K, reserved 1177600K
  class space    used 17671K, capacity 19047K, committed 19148K, reserved 1048576K
}
Event: 2099.287 GC heap before
{Heap before GC invocations=93 (full 0):
 garbage-first heap   total 462848K, used 261658K [0x0000000080000000, 0x0000000100000000)
  region size 1024K, 11 young (11264K), 6 survivors (6144K)
 Metaspace       used 143020K, capacity 146867K, committed 147148K, reserved 1177600K
  class space    used 17681K, capacity 19049K, committed 19148K, reserved 1048576K
}
Event: 2099.294 GC heap after
{Heap after GC invocations=94 (full 0):
 garbage-first heap   total 462848K, used 260031K [0x0000000080000000, 0x0000000100000000)
  region size 1024K, 6 young (6144K), 6 survivors (6144K)
 Metaspace       used 143020K, capacity 146867K, committed 147148K, reserved 1177600K
  class space    used 17681K, capacity 19049K, committed 19148K, reserved 1048576K
}
Event: 2100.614 GC heap before
{Heap before GC invocations=95 (full 0):
 garbage-first heap   total 462848K, used 347071K [0x0000000080000000, 0x0000000100000000)
  region size 1024K, 77 young (78848K), 6 survivors (6144K)
 Metaspace       used 143212K, capacity 147033K, committed 147148K, reserved 1177600K
  class space    used 17696K, capacity 19060K, committed 19148K, reserved 1048576K
}
Event: 2100.637 GC heap after
{Heap after GC invocations=96 (full 0):
 garbage-first heap   total 462848K, used 281735K [0x0000000080000000, 0x0000000100000000)
  region size 1024K, 10 young (10240K), 10 survivors (10240K)
 Metaspace       used 143212K, capacity 147033K, committed 147148K, reserved 1177600K
  class space    used 17696K, capacity 19060K, committed 19148K, reserved 1048576K
}
Event: 2101.572 GC heap before
{Heap before GC invocations=96 (full 0):
 garbage-first heap   total 462848K, used 316551K [0x0000000080000000, 0x0000000100000000)
  region size 1024K, 45 young (46080K), 10 survivors (10240K)
 Metaspace       used 143694K, capacity 147535K, committed 147788K, reserved 1177600K
  class space    used 17751K, capacity 19154K, committed 19276K, reserved 1048576K
}
Event: 2101.587 GC heap after
{Heap after GC invocations=97 (full 0):
 garbage-first heap   total 462848K, used 282962K [0x0000000080000000, 0x0000000100000000)
  region size 1024K, 2 young (2048K), 2 survivors (2048K)
 Metaspace       used 143694K, capacity 147535K, committed 147788K, reserved 1177600K
  class space    used 17751K, capacity 19154K, committed 19276K, reserved 1048576K
}
Event: 2132.997 GC heap before
{Heap before GC invocations=98 (full 0):
 garbage-first heap   total 462848K, used 361810K [0x0000000080000000, 0x0000000100000000)
  region size 1024K, 65 young (66560K), 2 survivors (2048K)
 Metaspace       used 145992K, capacity 150020K, committed 150220K, reserved 1179648K
  class space    used 18111K, capacity 19552K, committed 19660K, reserved 1048576K
}
Event: 2133.005 GC heap after
{Heap after GC invocations=99 (full 0):
 garbage-first heap   total 462848K, used 280055K [0x0000000080000000, 0x0000000100000000)
  region size 1024K, 2 young (2048K), 2 survivors (2048K)
 Metaspace       used 145992K, capacity 150020K, committed 150220K, reserved 1179648K
  class space    used 18111K, capacity 19552K, committed 19660K, reserved 1048576K
}
Event: 2133.272 GC heap before
{Heap before GC invocations=99 (full 0):
 garbage-first heap   total 462848K, used 300535K [0x0000000080000000, 0x0000000100000000)
  region size 1024K, 22 young (22528K), 2 survivors (2048K)
 Metaspace       used 145999K, capacity 150022K, committed 150220K, reserved 1179648K
  class space    used 18113K, capacity 19553K, committed 19660K, reserved 1048576K
}
Event: 2133.332 GC heap after
{Heap after GC invocations=100 (full 0):
 garbage-first heap   total 462848K, used 249042K [0x0000000080000000, 0x0000000100000000)
  region size 1024K, 2 young (2048K), 2 survivors (2048K)
 Metaspace       used 145999K, capacity 150022K, committed 150220K, reserved 1179648K
  class space    used 18113K, capacity 19553K, committed 19660K, reserved 1048576K
}
Event: 2133.658 GC heap before
{Heap before GC invocations=100 (full 0):
 garbage-first heap   total 462848K, used 269522K [0x0000000080000000, 0x0000000100000000)
  region size 1024K, 22 young (22528K), 2 survivors (2048K)
 Metaspace       used 146000K, capacity 150022K, committed 150220K, reserved 1179648K
  class space    used 18113K, capacity 19553K, committed 19660K, reserved 1048576K
}
Event: 2133.685 GC heap after
{Heap after GC invocations=101 (full 0):
 garbage-first heap   total 462848K, used 249401K [0x0000000080000000, 0x0000000100000000)
  region size 1024K, 2 young (2048K), 2 survivors (2048K)
 Metaspace       used 146000K, capacity 150022K, committed 150220K, reserved 1179648K
  class space    used 18113K, capacity 19553K, committed 19660K, reserved 1048576K
}
Event: 2134.486 GC heap before
{Heap before GC invocations=101 (full 0):
 garbage-first heap   total 462848K, used 335417K [0x0000000080000000, 0x0000000100000000)
  region size 1024K, 86 young (88064K), 2 survivors (2048K)
 Metaspace       used 146003K, capacity 150022K, committed 150220K, reserved 1179648K
  class space    used 18113K, capacity 19553K, committed 19660K, reserved 1048576K
}
Event: 2134.496 GC heap after
{Heap after GC invocations=102 (full 0):
 garbage-first heap   total 462848K, used 249856K [0x0000000080000000, 0x0000000100000000)
  region size 1024K, 2 young (2048K), 2 survivors (2048K)
 Metaspace       used 146003K, capacity 150022K, committed 150220K, reserved 1179648K
  class space    used 18113K, capacity 19553K, committed 19660K, reserved 1048576K
}
Event: 2141.703 GC heap before
{Heap before GC invocations=103 (full 0):
 garbage-first heap   total 462848K, used 306176K [0x0000000080000000, 0x0000000100000000)
  region size 1024K, 92 young (94208K), 2 survivors (2048K)
 Metaspace       used 154484K, capacity 158775K, committed 159052K, reserved 1187840K
  class space    used 19180K, capacity 20746K, committed 20812K, reserved 1048576K
}
Event: 2141.759 GC heap after
{Heap after GC invocations=104 (full 0):
 garbage-first heap   total 462848K, used 216914K [0x0000000080000000, 0x0000000100000000)
  region size 1024K, 6 young (6144K), 6 survivors (6144K)
 Metaspace       used 154484K, capacity 158775K, committed 159052K, reserved 1187840K
  class space    used 19180K, capacity 20746K, committed 20812K, reserved 1048576K
}
Event: 2143.221 GC heap before
{Heap before GC invocations=104 (full 0):
 garbage-first heap   total 462848K, used 234322K [0x0000000080000000, 0x0000000100000000)
  region size 1024K, 22 young (22528K), 6 survivors (6144K)
 Metaspace       used 155332K, capacity 159676K, committed 159948K, reserved 1187840K
  class space    used 19290K, capacity 20897K, committed 20940K, reserved 1048576K
}
Event: 2143.475 GC heap after
{Heap after GC invocations=105 (full 0):
 garbage-first heap   total 462848K, used 191269K [0x0000000080000000, 0x0000000100000000)
  region size 1024K, 2 young (2048K), 2 survivors (2048K)
 Metaspace       used 155332K, capacity 159676K, committed 159948K, reserved 1187840K
  class space    used 19290K, capacity 20897K, committed 20940K, reserved 1048576K
}

